# JRE version: OpenJDK Runtime Environment (17.0.8.1+1) (build 17.0.8.1+1-Ubuntu-0ubuntu120.04)
# Java VM: OpenJDK 64-Bit Server VM (17.0.8.1+1-Ubuntu-0ubuntu120.04, mixed mode, sharing, tiered, compressed oops, compressed class ptrs, g1 gc, linux-amd64)
# JRE version: OpenJDK Runtime Environment (17.0.8.1+1) (build 17.0.8.1+1-Ubuntu-0ubuntu120.04)
# Java VM: OpenJDK 64-Bit Server VM (17.0.8.1+1-Ubuntu-0ubuntu120.04, mixed mode, sharing, tiered, compressed oops, compressed class ptrs, g1 gc, linux-amd64)
GC Precious Log:
 CPUs: 16 total, 2 available
 Memory: 6675M
 Large Page Support: Disabled
 NUMA Support: Disabled
 Compressed Oops: Enabled (Zero based)
 Heap Region Size: 8M
 Heap Min Capacity: 8M
 Heap Initial Capacity: 112M
 Heap Max Capacity: 13000M
 Pre-touch: Disabled
 Parallel Workers: 2
 Concurrent Workers: 1
 Concurrent Refinement Workers: 2
 Periodic GC: Disabled
Heap:
 garbage-first heap   total 131072K, used 23177K [0x00000004d3800000, 0x0000000800000000)
  region size 8192K, 2 young (16384K), 1 survivors (8192K)
 Metaspace       used 8674K, committed 8896K, reserved 1114112K
  class space    used 1000K, committed 1088K, reserved 1048576K
GC Heap History (7 events):
Event: 0,211 GC heap before
{Heap before GC invocations=0 (full 0):
 garbage-first heap   total 131072K, used 16364K [0x00000004d3800000, 0x0000000800000000)
  region size 8192K, 1 young (8192K), 0 survivors (0K)
 Metaspace       used 2563K, committed 2752K, reserved 1114112K
  class space    used 312K, committed 384K, reserved 1048576K
}
Event: 0,215 GC heap after
{Heap after GC invocations=1 (full 0):
 garbage-first heap   total 131072K, used 9903K [0x00000004d3800000, 0x0000000800000000)
  region size 8192K, 1 young (8192K), 1 survivors (8192K)
 Metaspace       used 2563K, committed 2752K, reserved 1114112K
  class space    used 312K, committed 384K, reserved 1048576K
}
Event: 0,375 GC heap before
{Heap before GC invocations=1 (full 0):
 garbage-first heap   total 131072K, used 18095K [0x00000004d3800000, 0x0000000800000000)
  region size 8192K, 2 young (16384K), 1 survivors (8192K)
 Metaspace       used 4908K, committed 5056K, reserved 1114112K
  class space    used 589K, committed 704K, reserved 1048576K
}
Event: 0,378 GC heap after
{Heap after GC invocations=2 (full 0):
 garbage-first heap   total 131072K, used 13047K [0x00000004d3800000, 0x0000000800000000)
  region size 8192K, 1 young (8192K), 1 survivors (8192K)
 Metaspace       used 4908K, committed 5056K, reserved 1114112K
  class space    used 589K, committed 704K, reserved 1048576K
}
Event: 0,577 GC heap before
{Heap before GC invocations=2 (full 0):
 garbage-first heap   total 131072K, used 21239K [0x00000004d3800000, 0x0000000800000000)
  region size 8192K, 2 young (16384K), 1 survivors (8192K)
 Metaspace       used 8297K, committed 8448K, reserved 1114112K
  class space    used 954K, committed 1024K, reserved 1048576K
}
Event: 0,586 GC heap after
{Heap after GC invocations=3 (full 0):
 garbage-first heap   total 131072K, used 14985K [0x00000004d3800000, 0x0000000800000000)
  region size 8192K, 1 young (8192K), 1 survivors (8192K)
 Metaspace       used 8297K, committed 8448K, reserved 1114112K
  class space    used 954K, committed 1024K, reserved 1048576K
}
Event: 0,700 GC heap before
{Heap before GC invocations=3 (full 0):
 garbage-first heap   total 131072K, used 23177K [0x00000004d3800000, 0x0000000800000000)
  region size 8192K, 2 young (16384K), 1 survivors (8192K)
 Metaspace       used 8674K, committed 8896K, reserved 1114112K
  class space    used 1000K, committed 1088K, reserved 1048576K
}

